<?xml version="1.0" encoding="UTF-8"?>
<testng-results ignored="0" total="1" passed="1" failed="0" skipped="0">
  <reporter-output>
  </reporter-output>
  <suite started-at="2020-12-01T20:01:22 PST" name="Default suite" finished-at="2020-12-01T20:01:47 PST" duration-ms="24961">
    <groups>
    </groups>
    <test started-at="2020-12-01T20:01:22 PST" name="Default test" finished-at="2020-12-01T20:01:47 PST" duration-ms="24961">
      <class name="pages.Addtocart">
        <test-method is-config="true" signature="setup()[pri:0, instance:pages.Addtocart@482bce4f]" started-at="2020-12-01T20:01:22 PST" name="setup" finished-at="2020-12-01T20:01:37 PST" duration-ms="14337" status="PASS">
          <reporter-output>
          </reporter-output>
        </test-method> <!-- setup -->
        <test-method signature="verifycart()[pri:0, instance:pages.Addtocart@482bce4f]" started-at="2020-12-01T20:01:37 PST" name="verifycart" finished-at="2020-12-01T20:01:43 PST" duration-ms="6811" status="PASS">
          <reporter-output>
          </reporter-output>
        </test-method> <!-- verifycart -->
        <test-method is-config="true" signature="teardown()[pri:0, instance:pages.Addtocart@482bce4f]" started-at="2020-12-01T20:01:43 PST" name="teardown" finished-at="2020-12-01T20:01:47 PST" duration-ms="3734" status="PASS">
          <reporter-output>
          </reporter-output>
        </test-method> <!-- teardown -->
      </class> <!-- pages.Addtocart -->
    </test> <!-- Default test -->
  </suite> <!-- Default suite -->
</testng-results>
